commit 54f08b0447a28c4e6ff5686467cf61f941abb242
Author: Horizen23 <com100pb@gmail.com>
Date:   Thu Apr 14 15:11:32 2022 +0700

    cl

commit adccee20cdb2c618bcb9aa0ddd7ea54e2c13fdc8
Author: Horizen23 <com100pb@gmail.com>
Date:   Thu Apr 14 04:59:12 2022 +0700

    sa

commit bce28680e226ce8ab2da8e339c23473d9e00901f
Author: Horizen23 <com100pb@gmail.com>
Date:   Thu Apr 14 04:59:00 2022 +0700

    comi

commit 857728ddb60f15a498f10f078f2fd172c7d9cb2d
Merge: 21f6d46 9f0f3fd
Author: Horizen23 <com100pb@gmail.com>
Date:   Thu Apr 14 04:56:36 2022 +0700

    to v3

commit 9f0f3fdf6dd50ff91e94f450fe74085613b2fcb8
Author: Horizen23 <com100pb@gmail.com>
Date:   Thu Apr 14 04:52:27 2022 +0700

    v3

commit 21f6d463461343f802cfc9581502a0d92b0d0045
Author: Horizen23 <com100pb@gmail.com>
Date:   Thu Apr 14 04:50:52 2022 +0700

    v2

commit 657d7cb04d7bb8bb7db63b97567f6b718913dc97
Merge: d434c7c dd0744d
Author: Horizen23 <com100pb@gmail.com>
Date:   Thu Apr 14 04:48:25 2022 +0700

    Merge branch 'master'

commit dd0744df33c3a8f9e4417e8b71e52cafe4ed3ea6
Author: Horizen23 <com100pb@gmail.com>
Date:   Thu Apr 14 04:47:39 2022 +0700

    test1

commit 358ee484e835f10cd41ed543164754b1adfba27d
Author: Horizen23 <com100pb@gmail.com>
Date:   Thu Apr 14 04:09:42 2022 +0700

    brach master1

commit d434c7c53661f78a637e98a97a2f9d18761bcb64
Author: Horizen23 <com100pb@gmail.com>
Date:   Thu Apr 14 04:05:57 2022 +0700

    fist commit

commit 76ecbd800058941ff89142af5a7b5feba30d24f2
Author: Horizen23 <com100pb@gmail.com>
Date:   Thu Apr 14 03:44:28 2022 +0700

    Initialize project using Create React App
